Wed Jan 13 09:47:41 EST 2016
0. start collecting
Wed Jan 13 09:47:51 EST 2016
1. running tracking update for 30 sec...
Wed Jan 13 09:48:31 EST 2016
2. running qa update_sel for 30 sec...
Wed Jan 13 09:49:11 EST 2016
3. running report generate for 30 sec...
Wed Jan 13 09:49:51 EST 2016
4. running db_solr_sync for 30 sec...
Wed Jan 13 09:50:31 EST 2016
5. running harvest-job-cleanup for 30 sec...
Wed Jan 13 09:51:11 EST 2016
6. running ckan-pycsw set_keywords pycsw-collection for 30 sec...
Wed Jan 13 09:51:51 EST 2016
7. running ckan-pycsw set_keywords pycsw-all for 30 sec...
Wed Jan 13 09:52:31 EST 2016
8. running ckan-pycsw load for 30 sec...
Wed Jan 13 09:53:11 EST 2016
9. running ckan-pycsw vacuumdb for 30 sec...
Wed Jan 13 09:53:51 EST 2016
10. running ckan-pycsw reindex_fts for 30 sec...
Wed Jan 13 09:54:31 EST 2016
11. running harvesting for 30 sec...
